Log file open, 05/26/17 20:33:43
LogInit:Display: Running engine for game: TwinStick
LogPlatformFile: Not using cached read wrapper
LogInit:Display: RandInit(99269808) SRandInit(99269808).
LogTaskGraph: Started task graph with 5 named threads and 10 total threads with 1 sets of task threads.
LogStats: Stats thread started at 0.109711
LogInit: Using libcurl 7.47.1
LogInit:  - built for x86_64-pc-win32
LogInit:  - supports SSL with OpenSSL/1.0.2g
LogInit:  - supports HTTP deflate (compression) using libz 1.2.8
LogInit:  - other features:
LogInit:      CURL_VERSION_SSL
LogInit:      CURL_VERSION_LIBZ
LogInit:      CURL_VERSION_IPV6
LogInit:      CURL_VERSION_ASYNCHDNS
LogInit:      CURL_VERSION_LARGEFILE
LogInit:      CURL_VERSION_IDN
LogInit:  CurlRequestOptions (configurable via config and command line):
LogInit:  - bVerifyPeer = false  - Libcurl will NOT verify peer certificate
LogInit:  - bUseHttpProxy = false  - Libcurl will NOT use HTTP proxy
LogInit:  - bDontReuseConnections = false  - Libcurl will reuse connections
LogInit:  - CertBundlePath = nullptr  - Libcurl will use whatever was configured at build time.
LogInit: Build: ++UE4+Release-4.16-CL-3452394
LogInit: Engine Version: 4.16.0-3452394+++UE4+Release-4.16
LogInit: Compatible Engine Version: 4.16.0-3452394+++UE4+Release-4.16
LogInit: Net CL: 3452394
LogDevObjectVersion: Number of dev versions registered: 16
LogDevObjectVersion:   Dev-Blueprints (B0D832E4-1F89-4F0D-ACCF-7EB736FD4AA2): 9
LogDevObjectVersion:   Dev-Build (E1C64328-A22C-4D53-A36C-8E866417BD8C): 0
LogDevObjectVersion:   Dev-Core (375EC13C-06E4-48FB-B500-84F0262A717E): 2
LogDevObjectVersion:   Dev-Editor (E4B068ED-F494-42E9-A231-DA0B2E46BB41): 17
LogDevObjectVersion:   Dev-Framework (CFFC743F-43B0-4480-9391-14DF171D2073): 23
LogDevObjectVersion:   Dev-Mobile (B02B49B5-BB20-44E9-A304-32B752E40360): 0
LogDevObjectVersion:   Dev-Networking (A4E4105C-59A1-49B5-A7C5-40C4547EDFEE): 0
LogDevObjectVersion:   Dev-Online (39C831C9-5AE6-47DC-9A44-9C173E1C8E7C): 0
LogDevObjectVersion:   Dev-Physics (78F01B33-EBEA-4F98-B9B4-84EACCB95AA2): 0
LogDevObjectVersion:   Dev-Platform (6631380F-2D4D-43E0-8009-CF276956A95A): 0
LogDevObjectVersion:   Dev-Rendering (12F88B9F-8875-4AFC-A67C-D90C383ABD29): 15
LogDevObjectVersion:   Dev-Sequencer (7B5AE74C-D270-4C10-A958-57980B212A5A): 4
LogDevObjectVersion:   Dev-VR (D7296918-1DD6-4BDD-9DE2-64A83CC13884): 0
LogDevObjectVersion:   Dev-LoadTimes (C2A15278-BFE7-4AFE-6C17-90FF531DF755): 1
LogDevObjectVersion:   Private-Geometry (6EACA3D4-40EC-4CC1-B786-8BED09428FC5): 1
LogDevObjectVersion:   Dev-AnimPhys (29E575DD-E0A3-4627-9D10-D276232CDCEA): 3
LogInit: Compiled (64-bit): May 22 2017 17:47:00
LogInit: Compiled with Visual C++: 19.00.23026.00
LogInit: Build Configuration: Development
LogInit: Branch Name: ++UE4+Release-4.16
LogInit: Command line: -EpicPortal 
LogInit: Base directory: D:/Program Files/Epic Games/UE_4.16/Engine/Binaries/Win64/
LogInit: Installed Engine Build: 1
LogInit: Presizing for max 8388607 objects, including 0 objects not considered by GC, pre-allocating 0 bytes for permanent pool.
LogInit: Object subsystem initialized
[2017.05.27-00.33.44:401][  0]LogInit: Selected Device Profile: [Windows]
[2017.05.27-00.33.44:401][  0]LogInit: Applying CVar settings loaded from the selected device profile: [Windows]
[2017.05.27-00.33.44:410][  0]LogInit: Computer: DESKTOP-LH4HANI
[2017.05.27-00.33.44:410][  0]LogInit: User: dstov
[2017.05.27-00.33.44:410][  0]LogInit: CPU Page size=4096, Cores=6
[2017.05.27-00.33.44:410][  0]LogInit: High frequency timer resolution =3.423873 MHz
[2017.05.27-00.33.44:411][  0]LogMemory: Memory total: Physical=31.9GB (32GB approx)
[2017.05.27-00.33.44:411][  0]LogMemory: Platform Memory Stats for Windows
[2017.05.27-00.33.44:411][  0]LogMemory: Process Physical Memory: 273.89 MB used, 273.89 MB peak
[2017.05.27-00.33.44:411][  0]LogMemory: Process Virtual Memory: 267.50 MB used, 267.50 MB peak
[2017.05.27-00.33.44:411][  0]LogMemory: Physical Memory: 15586.18 MB used,  17083.46 MB free, 32669.64 MB total
[2017.05.27-00.33.44:411][  0]LogMemory: Virtual Memory: 657.20 MB used,  17083.46 MB free, 134217728.00 MB total
[2017.05.27-00.33.44:463][  0]LogInit: Using OS detected language (en-US).
[2017.05.27-00.33.44:463][  0]LogInit: Using OS detected locale (en-US).
[2017.05.27-00.33.44:467][  0]LogTextLocalizationManager: No specific localization for 'en-US' exists, so the 'en' localization will be used.
[2017.05.27-00.33.45:416][  0]LogD3D11RHI: D3D11 adapters:
[2017.05.27-00.33.45:437][  0]LogD3D11RHI:    0. 'NVIDIA GeForce GTX 980' (Feature Level 11_0)
[2017.05.27-00.33.45:438][  0]LogD3D11RHI:       4060/0/16334 MB DedicatedVideo/DedicatedSystem/SharedSystem, Outputs:2, VendorId:0x10de
[2017.05.27-00.33.45:439][  0]LogD3D11RHI:    1. 'Microsoft Basic Render Driver' (Feature Level 11_0)
[2017.05.27-00.33.45:439][  0]LogD3D11RHI:       0/0/16334 MB DedicatedVideo/DedicatedSystem/SharedSystem, Outputs:0, VendorId:0x1414
[2017.05.27-00.33.45:439][  0]LogD3D11RHI: Chosen D3D11 Adapter: 0
[2017.05.27-00.33.45:444][  0]LogD3D11RHI: Creating new Direct3DDevice
[2017.05.27-00.33.45:444][  0]LogD3D11RHI:     GPU DeviceId: 0x13c0 (for the marketing name, search the web for "GPU Device Id")
[2017.05.27-00.33.45:444][  0]LogWindows: EnumDisplayDevices:
[2017.05.27-00.33.45:444][  0]LogWindows:    0. 'NVIDIA GeForce GTX 980' (P:1 D:1)
[2017.05.27-00.33.45:444][  0]LogWindows:    1. 'NVIDIA GeForce GTX 980' (P:0 D:1)
[2017.05.27-00.33.45:444][  0]LogWindows:    2. 'NVIDIA GeForce GTX 980' (P:0 D:0)
[2017.05.27-00.33.45:444][  0]LogWindows:    3. 'NVIDIA GeForce GTX 980' (P:0 D:0)
[2017.05.27-00.33.45:444][  0]LogWindows: DebugString: FoundDriverCount:4 
[2017.05.27-00.33.45:444][  0]LogD3D11RHI:     Adapter Name: NVIDIA GeForce GTX 980
[2017.05.27-00.33.45:444][  0]LogD3D11RHI:   Driver Version: 376.53 (internal:21.21.13.7653, unified:376.53)
[2017.05.27-00.33.45:444][  0]LogD3D11RHI:      Driver Date: 12-29-2016
[2017.05.27-00.33.45:445][  0]LogRHI: Texture pool is 1361 MB (70% of 1945 MB)
[2017.05.27-00.33.45:457][  0]LogD3D11RHI: Async texture creation enabled
[2017.05.27-00.33.45:466][  0]LogD3D11RHI: GPU Timing Frequency: 1000.000000 (Debug: 2 1)
[2017.05.27-00.33.45:556][  0]LogShaderCompilers: Guid format shader working directory is -2 characters bigger than the processId version (C:/Users/dstov/Desktop/Adam/traintime/TwinStick/Intermediate/Shaders/WorkingDirectory/18112/).
[2017.05.27-00.33.45:556][  0]LogShaderCompilers: Cleaned the shader compiler working directory 'C:/Users/dstov/AppData/Local/Temp/UnrealShaderWorkingDir/9F4231A24E780A8DEBE07D98C2ADC2D5/'.
[2017.05.27-00.33.45:556][  0]LogShaderCompilers:Display: Using Local Shader Compiler.
[2017.05.27-00.33.46:623][  0]LogTemp:Display: Loaded TP AllDesktopTargetPlatform
[2017.05.27-00.33.46:666][  0]LogTemp:Display: Loaded TP MacClientTargetPlatform
[2017.05.27-00.33.46:708][  0]LogTemp:Display: Loaded TP MacNoEditorTargetPlatform
[2017.05.27-00.33.46:753][  0]LogTemp:Display: Loaded TP MacServerTargetPlatform
[2017.05.27-00.33.46:794][  0]LogTemp:Display: Loaded TP MacTargetPlatform
[2017.05.27-00.33.46:837][  0]LogTemp:Display: Loaded TP WindowsClientTargetPlatform
[2017.05.27-00.33.46:880][  0]LogTemp:Display: Loaded TP WindowsNoEditorTargetPlatform
[2017.05.27-00.33.46:924][  0]LogTemp:Display: Loaded TP WindowsServerTargetPlatform
[2017.05.27-00.33.46:964][  0]LogTemp:Display: Loaded TP WindowsTargetPlatform
[2017.05.27-00.33.47:005][  0]LogTemp:Display: Loaded TP AndroidTargetPlatform
[2017.05.27-00.33.47:046][  0]LogTemp:Display: Loaded TP Android_ASTCTargetPlatform
[2017.05.27-00.33.47:087][  0]LogTemp:Display: Loaded TP Android_ATCTargetPlatform
[2017.05.27-00.33.47:135][  0]LogTemp:Display: Loaded TP Android_DXTTargetPlatform
[2017.05.27-00.33.47:198][  0]LogTemp:Display: Loaded TP Android_ETC1TargetPlatform
[2017.05.27-00.33.47:269][  0]LogTemp:Display: Loaded TP Android_ETC2TargetPlatform
[2017.05.27-00.33.47:398][  0]LogTemp:Display: Loaded TP Android_MultiTargetPlatform
[2017.05.27-00.33.47:398][  0]LogTemp:Display: Loaded TP Android_PVRTCTargetPlatform
[2017.05.27-00.33.47:447][  0]LogTemp:Display: Loaded TP HTML5TargetPlatform
[2017.05.27-00.33.47:569][  0]LogTemp:Display: Loaded TP IOSTargetPlatform
[2017.05.27-00.33.47:607][  0]LogTemp:Display: Loaded TP TVOSTargetPlatform
[2017.05.27-00.33.47:685][  0]LogTemp:Display: Loaded TP LinuxClientTargetPlatform
[2017.05.27-00.33.47:744][  0]LogTemp:Display: Loaded TP LinuxNoEditorTargetPlatform
[2017.05.27-00.33.47:807][  0]LogTemp:Display: Loaded TP LinuxServerTargetPlatform
[2017.05.27-00.33.47:928][  0]LogTemp:Display: Loaded TP LinuxTargetPlatform
[2017.05.27-00.33.47:928][  0]LogTargetPlatformManager:Display: Building Assets For Windows
[2017.05.27-00.33.48:687][  0]LogDerivedDataCache:Display: Max Cache Size: 512 MB
[2017.05.27-00.33.48:812][  0]LogDerivedDataCache: Loaded boot cache 0.13s 90MB C:/Users/dstov/AppData/Local/UnrealEngine/4.16/DerivedDataCache/Boot.ddc.
[2017.05.27-00.33.48:812][  0]LogDerivedDataCache:Display: Loaded Boot cache: C:/Users/dstov/AppData/Local/UnrealEngine/4.16/DerivedDataCache/Boot.ddc
[2017.05.27-00.33.48:812][  0]LogDerivedDataCache: FDerivedDataBackendGraph:  Pak pak cache file C:/Users/dstov/Desktop/Adam/traintime/TwinStick/DerivedDataCache/DDC.ddp not found, will not use a pak cache.
[2017.05.27-00.33.48:813][  0]LogDerivedDataCache: Unable to find inner node Pak for hierarchical cache Hierarchy.
[2017.05.27-00.33.48:813][  0]LogDerivedDataCache: FDerivedDataBackendGraph:  CompressedPak pak cache file C:/Users/dstov/Desktop/Adam/traintime/TwinStick/DerivedDataCache/Compressed.ddp not found, will not use a pak cache.
[2017.05.27-00.33.48:813][  0]LogDerivedDataCache: Unable to find inner node CompressedPak for hierarchical cache Hierarchy.
[2017.05.27-00.33.48:837][  0]LogDerivedDataCache:Display: Pak cache opened for reading ../../../Engine/DerivedDataCache/Compressed.ddp.
[2017.05.27-00.33.48:854][  0]LogDerivedDataCache: Using Local data cache path C:/Users/dstov/AppData/Local/UnrealEngine/Common/DerivedDataCache: Writable
[2017.05.27-00.33.48:869][  0]LogMaterial: Verifying Global Shaders for PCD3D_SM5
[2017.05.27-00.33.48:870][  0]LogSlate: Using Freetype 2.6.0
[2017.05.27-00.33.48:871][  0]LogSlate: SlateFontCache - WITH_FREETYPE: 1, WITH_HARFBUZZ: 1
[2017.05.27-00.33.48:871][  0]LogSlate: SlateFontCache - WITH_FREETYPE: 1, WITH_HARFBUZZ: 1
[2017.05.27-00.33.49:392][  0]LogInit: Selected Device Profile: [Windows]
[2017.05.27-00.33.49:481][  0]LogContentStreaming: Texture pool size is 0.00 MB
[2017.05.27-00.33.49:642][  0]LogMeshUtilities: Using QuadricMeshReduction for automatic static mesh reduction
[2017.05.27-00.33.49:682][  0]LogSimplygon: Simplygon DLL not present - disabling.
[2017.05.27-00.33.49:734][  0]LogMeshUtilities: Using SimplygonSwarm for distributed automatic mesh merging
[2017.05.27-00.33.49:734][  0]LogMeshUtilities: No automatic skeletal mesh reduction module available
[2017.05.27-00.33.49:734][  0]LogMeshUtilities: No automatic mesh merging module available
[2017.05.27-00.33.50:266][  0]LogNetVersion: TwinStick , NetCL: 3452394, EngineNetVer: 2, GameNetVer: 0 (Checksum: 2682186695)
[2017.05.27-00.33.50:322][  0]LogAssetRegistry: FAssetRegistry took 0.0251 seconds to start up
[2017.05.27-00.33.50:389][  0]LogPackageLocalizationCache: Processed 4 localized package path(s) for 2 prioritized culture(s) in 0.043829 seconds
[2017.05.27-00.33.50:395][  0]LogUObjectArray: 34194 objects as part of root set at end of initial load.
[2017.05.27-00.33.50:395][  0]LogUObjectAllocator: 7260416 out of 0 bytes used by permanent object pool.
[2017.05.27-00.33.50:395][  0]LogUObjectArray: CloseDisregardForGC: 0/0 objects in disregard for GC pool
[2017.05.27-00.33.50:446][  0]LogInit: WinSock: version 1.1 (2.2), MaxSocks=32767, MaxUdp=65467
[2017.05.27-00.33.53:005][  0]LogTcpMessaging: Initializing TcpMessaging bridge
[2017.05.27-00.33.53:045][  0]LogUdpMessaging: Initializing bridge on interface 0.0.0.0:0 to multicast group 230.0.0.1:6666.
[2017.05.27-00.33.53:592][  0]LogMaterial: Uniform references updated for custom material expression Custom.
[2017.05.27-00.33.53:940][  0]SourceControl: Info Source control is disabled
[2017.05.27-00.33.53:977][  0]SourceControl: Info Source control is disabled
[2017.05.27-00.33.54:019][  0]SourceControl: Info Source control is disabled
[2017.05.27-00.33.54:063][  0]SourceControl: Info Source control is disabled
[2017.05.27-00.33.54:634][  0]LogAndroidPermission: UAndroidPermissionCallbackProxy::GetInstance
[2017.05.27-00.33.55:178][  0]LogEngine: Initializing Engine...
[2017.05.27-00.33.55:179][  0]LogHMD: Failed to initialize OpenVR with code 110
[2017.05.27-00.33.55:368][  0]LogStats: UGameplayTagsManager::ConstructGameplayTagTree: Construct from data asset -  0.000 s
[2017.05.27-00.33.55:368][  0]LogStats: UGameplayTagsManager::ConstructGameplayTagTree: GameplayTagTreeChangedEvent.Broadcast -  0.000 s
[2017.05.27-00.33.55:490][  0]LogAIModule: Creating AISystem for world Untitled
[2017.05.27-00.33.55:506][  0]LogInit: XAudio2 using 'Speakers / Headphones (6- Plantronics HD1)' : 6 channels at 48 kHz using 24 bits per sample (channel mask 0x3f)
[2017.05.27-00.33.55:517][  0]LogInit: FAudioDevice initialized.
[2017.05.27-00.33.55:558][  0]LogDerivedDataCache: Saved boot cache 0.04s 90MB C:/Users/dstov/AppData/Local/UnrealEngine/4.16/DerivedDataCache/Boot.ddc.
[2017.05.27-00.33.55:576][  0]LogInit: Texture streaming: Enabled
[2017.05.27-00.33.55:645][  0]LogEngineSessionManager: EngineSessionManager initialized
[2017.05.27-00.33.55:843][  0]LogInit: Transaction tracking system initialized
[2017.05.27-00.33.56:111][  0]BlueprintLog: New page: Editor Load
[2017.05.27-00.33.57:077][  0]LocalizationService: Info Localization service is disabled
[2017.05.27-00.33.57:846][  0]LogConsoleResponse:Display: 
[2017.05.27-00.33.58:017][  0]LogFileCache: Scanning file cache for directory 'C:/Users/dstov/Desktop/Adam/traintime/TwinStick/Content/' took 0.01s
[2017.05.27-00.33.58:017][  0]LogCook:Display: Max memory allowance for cook 16384mb min free memory 0mb
[2017.05.27-00.33.58:017][  0]LogCook:Display: Mobile HDR setting 1
[2017.05.27-00.33.58:927][  0]SourceControl: Info Source control is disabled
[2017.05.27-00.33.58:927][  0]Cmd: MAP LOAD FILE="C:/Users/dstov/Desktop/Adam/traintime/TwinStick/Content/TwinStickCPP/Maps/TwinStickExampleMap.umap" TEMPLATE=0 SHOWPROGRESS=1 FEATURELEVEL=3
[2017.05.27-00.33.58:927][  0]LightingResults: New page: Lighting Build
[2017.05.27-00.33.58:965][  0]MapCheck: New page: Map Check
[2017.05.27-00.33.58:965][  0]LightingResults: New page: Lighting Build
[2017.05.27-00.33.59:294][  0]LogTexture:Display: Building textures: HQ_Lightmap0_1 (AutoDXT, 1024X1024)
[2017.05.27-00.33.59:420][  0]LogTexture:Display: Building textures: HQ_Lightmap0_2 (AutoDXT, 128X128)
[2017.05.27-00.33.59:433][  0]LogTexture:Display: Building textures: HQ_Lightmap0_3 (AutoDXT, 64X64)
[2017.05.27-00.33.59:444][  0]LogTexture:Display: Building textures: LQ_Lightmap_0_1 (DXT1, 1024X1024)
[2017.05.27-00.33.59:498][  0]LogTexture:Display: Building textures: LQ_Lightmap_0_2 (DXT1, 128X128)
[2017.05.27-00.33.59:502][  0]LogTexture:Display: Building textures: LQ_Lightmap_0_3 (DXT1, 64X64)
[2017.05.27-00.33.59:510][  0]LogTexture:Display: Building textures: SkyOcclusion0_1 (AutoDXT, 1024X512)
[2017.05.27-00.33.59:569][  0]LogTexture:Display: Building textures: SkyOcclusion0_2 (AutoDXT, 128X64)
[2017.05.27-00.33.59:578][  0]LogTexture:Display: Building textures: SkyOcclusion0_3 (AutoDXT, 64X32)
[2017.05.27-00.33.59:586][  0]LogTexture:Display: Building textures: ShadowMapTexture2D_0 (G8, 2048X1024)
[2017.05.27-00.33.59:658][  0]LogTexture:Display: Building textures: ShadowMapTexture2D_1 (G8, 64X32)
[2017.05.27-00.33.59:744][  0]LogAIModule: Creating AISystem for world TwinStickExampleMap
[2017.05.27-00.33.59:880][  0]LogEditorServer: Finished looking for orphan Actors (0.000 secs)
[2017.05.27-00.33.59:916][  0]Cmd: MAP CHECKDEP NOCLEARLOG
[2017.05.27-00.33.59:984][  0]MapCheck: Info Map check complete: 0 Error(s), 0 Warning(s), took 67.334ms to complete.
[2017.05.27-00.33.59:984][  0]LogFileHelpers: Loading map 'TwinStickExampleMap' took 1.057
[2017.05.27-00.34.00:696][  0]LogCollectionManager: Loaded 0 collections in 0.000740 seconds
[2017.05.27-00.34.00:884][  0]LogFileCache: Scanning file cache for directory 'C:/Users/dstov/Desktop/Adam/traintime/TwinStick/Saved/Collections/' took 0.01s
[2017.05.27-00.34.00:884][  0]LogFileCache: Scanning file cache for directory 'C:/Users/dstov/Desktop/Adam/traintime/TwinStick/Content/Developers/dstov/Collections/' took 0.01s
[2017.05.27-00.34.00:884][  0]LogFileCache: Scanning file cache for directory 'C:/Users/dstov/Desktop/Adam/traintime/TwinStick/Content/Collections/' took 0.01s
[2017.05.27-00.34.00:884][  0]LogCollectionManager: Rebuilt the GUID cache for 0 collections in 0.000002 seconds
[2017.05.27-00.34.00:898][  0]LogContentBrowser: Native class hierarchy populated in 0.0108 seconds. Added 2332 classes and 493 folders.
[2017.05.27-00.34.01:035][  0]LogContentBrowser: Native class hierarchy updated for 'WidgetCarousel' in 0.0012 seconds. Added 0 classes and 0 folders.
[2017.05.27-00.34.01:087][  0]LogContentBrowser: Native class hierarchy updated for 'AddContentDialog' in 0.0012 seconds. Added 0 classes and 0 folders.
[2017.05.27-00.34.01:173][  0]LogContentBrowser: Native class hierarchy updated for 'SceneOutliner' in 0.0012 seconds. Added 1 classes and 2 folders.
[2017.05.27-00.34.01:487][  0]LogCrashTracker: Crashtracker disabled due to settings.
[2017.05.27-00.34.01:579][  0]LogSlate: Took 0.000265 seconds to synchronously load lazily loaded font '../../../Engine/Content/Slate/Fonts/Roboto-Regular.ttf' (155K)
[2017.05.27-00.34.01:591][  0]LogSlate: Took 0.000259 seconds to synchronously load lazily loaded font '../../../Engine/Content/Slate/Fonts/Roboto-Bold.ttf' (160K)
[2017.05.27-00.34.01:673][  0]LogSlate: Took 0.008150 seconds to synchronously load lazily loaded font '../../../Engine/Content/Editor/Slate/Fonts/FontAwesome.ttf' (139K)
[2017.05.27-00.34.01:983][  0]LogRenderer: Reallocating scene render targets to support 1208x576 NumSamples 1 (Frame:1).
[2017.05.27-00.34.02:703][  0]LogContentBrowser: Native class hierarchy updated for 'HierarchicalLODOutliner' in 0.0012 seconds. Added 1 classes and 2 folders.
[2017.05.27-00.34.02:704][  0]LogLoad: (Engine Initialization) Total time: 20.44 seconds
[2017.05.27-00.34.02:704][  0]LogLoad: (Engine Initialization) Total Blueprint compile time: 0.08 seconds
[2017.05.27-00.34.02:704][  0]LogExternalProfiler: Found external profiler: VSPerf
[2017.05.27-00.34.02:704][  0]LogExternalProfiler: Using external profiler: VSPerf
[2017.05.27-00.34.03:043][  0]LogOcInput: OculusInput pre-init called
[2017.05.27-00.34.03:043][  0]LogHMD: Starting GearVRController plugin
[2017.05.27-00.34.03:062][  0]LogAssetRegistry: Asset discovery search completed in 12.7610 seconds
[2017.05.27-00.34.03:064][  0]LogCollectionManager: Rebuilt the object cache for 0 collections in 0.000004 seconds (found 0 objects)
[2017.05.27-00.34.03:064][  0]LogCollectionManager: Fixed up redirectors for 0 collections in 0.000023 seconds (updated 0 objects)
[2017.05.27-00.34.03:129][  0]LogContentStreaming: Texture pool size now 1000 MB
[2017.05.27-00.34.03:203][  0]LogSlate: Took 0.000271 seconds to synchronously load lazily loaded font '../../../Engine/Content/Slate/Fonts/Roboto-Light.ttf' (159K)
[2017.05.27-00.34.31:088][616]LogTemp: Repeting last play command: Selected Viewport
[2017.05.27-00.34.31:129][616]LogBlueprintUserMessages: Early PlayInEditor Detection: Level '/Game/TwinStickCPP/Maps/TwinStickExampleMap.TwinStickExampleMap:PersistentLevel' has LevelScriptBlueprint '/Game/TwinStickCPP/Maps/TwinStickExampleMap.TwinStickExampleMap:PersistentLevel.TwinStickExampleMap' with GeneratedClass '/Game/TwinStickCPP/Maps/TwinStickExampleMap.TwinStickExampleMap_C' with ClassGeneratedBy '/Game/TwinStickCPP/Maps/TwinStickExampleMap.TwinStickExampleMap:PersistentLevel.TwinStickExampleMap'
[2017.05.27-00.34.31:141][616]LogPlayLevel: PlayLevel: No blueprints needed recompiling
[2017.05.27-00.34.31:199][616]PIE: New page: PIE session: TwinStickExampleMap (May 26, 2017, 4:34:31 PM)
[2017.05.27-00.34.31:219][616]LogPlayLevel: Creating play world package: /Game/TwinStickCPP/Maps/UEDPIE_0_TwinStickExampleMap
[2017.05.27-00.34.31:278][616]LogPlayLevel: PIE: StaticDuplicateObject took: (0.059029s)
[2017.05.27-00.34.31:278][616]LogAIModule: Creating AISystem for world TwinStickExampleMap
[2017.05.27-00.34.31:289][616]LogPlayLevel: PIE: World Init took: (0.011417s)
[2017.05.27-00.34.31:295][616]LogPlayLevel: PIE: Created PIE world by copying editor world from /Game/TwinStickCPP/Maps/TwinStickExampleMap.TwinStickExampleMap to /Game/TwinStickCPP/Maps/UEDPIE_0_TwinStickExampleMap.TwinStickExampleMap (0.085732s)
[2017.05.27-00.34.31:331][616]LogInit: XAudio2 using 'Speakers / Headphones (6- Plantronics HD1)' : 6 channels at 48 kHz using 24 bits per sample (channel mask 0x3f)
[2017.05.27-00.34.31:339][616]LogInit: FAudioDevice initialized.
[2017.05.27-00.34.31:392][616]LogLoad: Game class is 'TwinStickGameMode'
[2017.05.27-00.34.31:493][616]LogWorld: Bringing World /Game/TwinStickCPP/Maps/UEDPIE_0_TwinStickExampleMap.TwinStickExampleMap up for play (max tick rate 0) at 2017.05.26-20.34.31
[2017.05.27-00.34.31:532][616]LogWorld: Bringing up level for play took: 0.041240
[2017.05.27-00.34.31:694][616]LogContentBrowser: Native class hierarchy updated for 'MovieSceneCapture' in 0.0013 seconds. Added 11 classes and 0 folders.
[2017.05.27-00.34.31:712][616]PIE: Info Play in editor start time for /Game/TwinStickCPP/Maps/UEDPIE_0_TwinStickExampleMap 1.524
[2017.05.27-00.34.31:712][616]LogBlueprintUserMessages: Late PlayInEditor Detection: Level '/Game/TwinStickCPP/Maps/TwinStickExampleMap.TwinStickExampleMap:PersistentLevel' has LevelScriptBlueprint '/Game/TwinStickCPP/Maps/TwinStickExampleMap.TwinStickExampleMap:PersistentLevel.TwinStickExampleMap' with GeneratedClass '/Game/TwinStickCPP/Maps/TwinStickExampleMap.TwinStickExampleMap_C' with ClassGeneratedBy '/Game/TwinStickCPP/Maps/TwinStickExampleMap.TwinStickExampleMap:PersistentLevel.TwinStickExampleMap'
[2017.05.27-00.35.15:468][834]LogBlueprintUserMessages: Early EndPlayMap Detection: Level '/Game/TwinStickCPP/Maps/TwinStickExampleMap.TwinStickExampleMap:PersistentLevel' has LevelScriptBlueprint '/Game/TwinStickCPP/Maps/TwinStickExampleMap.TwinStickExampleMap:PersistentLevel.TwinStickExampleMap' with GeneratedClass '/Game/TwinStickCPP/Maps/TwinStickExampleMap.TwinStickExampleMap_C' with ClassGeneratedBy '/Game/TwinStickCPP/Maps/TwinStickExampleMap.TwinStickExampleMap:PersistentLevel.TwinStickExampleMap'
[2017.05.27-00.35.15:606][834]LogBlueprintUserMessages: Late EndPlayMap Detection: Level '/Game/TwinStickCPP/Maps/TwinStickExampleMap.TwinStickExampleMap:PersistentLevel' has LevelScriptBlueprint '/Game/TwinStickCPP/Maps/TwinStickExampleMap.TwinStickExampleMap:PersistentLevel.TwinStickExampleMap' with GeneratedClass '/Game/TwinStickCPP/Maps/TwinStickExampleMap.TwinStickExampleMap_C' with ClassGeneratedBy '/Game/TwinStickCPP/Maps/TwinStickExampleMap.TwinStickExampleMap:PersistentLevel.TwinStickExampleMap'
[2017.05.27-00.35.21:231][471]LogEditorViewport: Clicking on Actor (LMB): StaticMeshActor (Wall6)
[2017.05.27-00.35.24:134][651]LogEditorViewport: Clicking on Actor (LMB): StaticMeshActor (Wall5)
[2017.05.27-00.35.24:477][672]LogEditorViewport: Clicking on Actor (LMB): StaticMeshActor (Wall6)
[2017.05.27-00.35.25:380][762]LogEditorViewport: Clicking on Actor (LMB): StaticMeshActor (Wall7)
[2017.05.27-00.35.27:180][943]LogEditorViewport: Clicking on Actor (LMB): StaticMeshActor (Wall1)
[2017.05.27-00.35.30:655][239]LogEditorViewport: Clicking on Actor (LMB): StaticMeshActor (Floor)
[2017.05.27-00.35.30:994][271]LogEditorViewport: Clicking on Actor (LMB): TwinStickPawn (TP_TwinStickPawn)
[2017.05.27-00.36.19:024][875]LogTemp: Repeting last play command: Selected Viewport
[2017.05.27-00.36.19:043][875]LogBlueprintUserMessages: Early PlayInEditor Detection: Level '/Game/TwinStickCPP/Maps/TwinStickExampleMap.TwinStickExampleMap:PersistentLevel' has LevelScriptBlueprint '/Game/TwinStickCPP/Maps/TwinStickExampleMap.TwinStickExampleMap:PersistentLevel.TwinStickExampleMap' with GeneratedClass '/Game/TwinStickCPP/Maps/TwinStickExampleMap.TwinStickExampleMap_C' with ClassGeneratedBy '/Game/TwinStickCPP/Maps/TwinStickExampleMap.TwinStickExampleMap:PersistentLevel.TwinStickExampleMap'
[2017.05.27-00.36.19:043][875]LogPlayLevel: PlayLevel: No blueprints needed recompiling
[2017.05.27-00.36.19:043][875]PIE: New page: PIE session: TwinStickExampleMap (May 26, 2017, 4:36:19 PM)
[2017.05.27-00.36.19:043][875]LogPlayLevel: Creating play world package: /Game/TwinStickCPP/Maps/UEDPIE_0_TwinStickExampleMap
[2017.05.27-00.36.19:077][875]LogPlayLevel: PIE: StaticDuplicateObject took: (0.033875s)
[2017.05.27-00.36.19:078][875]LogAIModule: Creating AISystem for world TwinStickExampleMap
[2017.05.27-00.36.19:079][875]LogPlayLevel: PIE: World Init took: (0.001849s)
[2017.05.27-00.36.19:079][875]LogPlayLevel: PIE: Created PIE world by copying editor world from /Game/TwinStickCPP/Maps/TwinStickExampleMap.TwinStickExampleMap to /Game/TwinStickCPP/Maps/UEDPIE_0_TwinStickExampleMap.TwinStickExampleMap (0.036158s)
[2017.05.27-00.36.19:180][875]LogInit: XAudio2 using 'Speakers / Headphones (6- Plantronics HD1)' : 6 channels at 48 kHz using 24 bits per sample (channel mask 0x3f)
[2017.05.27-00.36.19:264][875]LogInit: FAudioDevice initialized.
[2017.05.27-00.36.19:296][875]LogLoad: Game class is 'TwinStickGameMode'
[2017.05.27-00.36.19:299][875]LogWorld: Bringing World /Game/TwinStickCPP/Maps/UEDPIE_0_TwinStickExampleMap.TwinStickExampleMap up for play (max tick rate 0) at 2017.05.26-20.36.19
[2017.05.27-00.36.19:300][875]LogWorld: Bringing up level for play took: 0.002205
[2017.05.27-00.36.19:301][875]PIE: Info Play in editor start time for /Game/TwinStickCPP/Maps/UEDPIE_0_TwinStickExampleMap 1.113
[2017.05.27-00.36.19:301][875]LogBlueprintUserMessages: Late PlayInEditor Detection: Level '/Game/TwinStickCPP/Maps/TwinStickExampleMap.TwinStickExampleMap:PersistentLevel' has LevelScriptBlueprint '/Game/TwinStickCPP/Maps/TwinStickExampleMap.TwinStickExampleMap:PersistentLevel.TwinStickExampleMap' with GeneratedClass '/Game/TwinStickCPP/Maps/TwinStickExampleMap.TwinStickExampleMap_C' with ClassGeneratedBy '/Game/TwinStickCPP/Maps/TwinStickExampleMap.TwinStickExampleMap:PersistentLevel.TwinStickExampleMap'
[2017.05.27-00.36.27:287][389]LogBlueprintUserMessages: Early EndPlayMap Detection: Level '/Game/TwinStickCPP/Maps/TwinStickExampleMap.TwinStickExampleMap:PersistentLevel' has LevelScriptBlueprint '/Game/TwinStickCPP/Maps/TwinStickExampleMap.TwinStickExampleMap:PersistentLevel.TwinStickExampleMap' with GeneratedClass '/Game/TwinStickCPP/Maps/TwinStickExampleMap.TwinStickExampleMap_C' with ClassGeneratedBy '/Game/TwinStickCPP/Maps/TwinStickExampleMap.TwinStickExampleMap:PersistentLevel.TwinStickExampleMap'
[2017.05.27-00.36.27:408][389]LogBlueprintUserMessages: Late EndPlayMap Detection: Level '/Game/TwinStickCPP/Maps/TwinStickExampleMap.TwinStickExampleMap:PersistentLevel' has LevelScriptBlueprint '/Game/TwinStickCPP/Maps/TwinStickExampleMap.TwinStickExampleMap:PersistentLevel.TwinStickExampleMap' with GeneratedClass '/Game/TwinStickCPP/Maps/TwinStickExampleMap.TwinStickExampleMap_C' with ClassGeneratedBy '/Game/TwinStickCPP/Maps/TwinStickExampleMap.TwinStickExampleMap:PersistentLevel.TwinStickExampleMap'
[2017.05.27-00.36.32:118][561]LogSlate: Took 0.014986 seconds to synchronously load lazily loaded font '../../../Engine/Content/Editor/Slate/Fonts/Roboto-Italic.ttf' (157K)
[2017.05.27-00.38.06:548][207]Cmd: CAMERA ALIGN ACTIVEVIEWPORTONLY
[2017.05.27-00.42.25:649][426]LogTemp: Repeting last play command: Selected Viewport
[2017.05.27-00.42.25:661][426]LogBlueprintUserMessages: Early PlayInEditor Detection: Level '/Game/TwinStickCPP/Maps/TwinStickExampleMap.TwinStickExampleMap:PersistentLevel' has LevelScriptBlueprint '/Game/TwinStickCPP/Maps/TwinStickExampleMap.TwinStickExampleMap:PersistentLevel.TwinStickExampleMap' with GeneratedClass '/Game/TwinStickCPP/Maps/TwinStickExampleMap.TwinStickExampleMap_C' with ClassGeneratedBy '/Game/TwinStickCPP/Maps/TwinStickExampleMap.TwinStickExampleMap:PersistentLevel.TwinStickExampleMap'
[2017.05.27-00.42.25:661][426]LogPlayLevel: PlayLevel: No blueprints needed recompiling
[2017.05.27-00.42.25:661][426]PIE: New page: PIE session: TwinStickExampleMap (May 26, 2017, 4:42:25 PM)
[2017.05.27-00.42.25:662][426]LogPlayLevel: Creating play world package: /Game/TwinStickCPP/Maps/UEDPIE_0_TwinStickExampleMap
[2017.05.27-00.42.25:679][426]LogPlayLevel: PIE: StaticDuplicateObject took: (0.017627s)
[2017.05.27-00.42.25:680][426]LogAIModule: Creating AISystem for world TwinStickExampleMap
[2017.05.27-00.42.25:680][426]LogPlayLevel: PIE: World Init took: (0.001032s)
[2017.05.27-00.42.25:680][426]LogPlayLevel: PIE: Created PIE world by copying editor world from /Game/TwinStickCPP/Maps/TwinStickExampleMap.TwinStickExampleMap to /Game/TwinStickCPP/Maps/UEDPIE_0_TwinStickExampleMap.TwinStickExampleMap (0.018938s)
[2017.05.27-00.42.25:726][426]LogInit: XAudio2 using 'Speakers / Headphones (6- Plantronics HD1)' : 6 channels at 48 kHz using 24 bits per sample (channel mask 0x3f)
[2017.05.27-00.42.25:734][426]LogInit: FAudioDevice initialized.
[2017.05.27-00.42.25:765][426]LogLoad: Game class is 'TwinStickGameMode'
[2017.05.27-00.42.25:768][426]LogWorld: Bringing World /Game/TwinStickCPP/Maps/UEDPIE_0_TwinStickExampleMap.TwinStickExampleMap up for play (max tick rate 0) at 2017.05.26-20.42.25
[2017.05.27-00.42.25:768][426]LogWorld: Bringing up level for play took: 0.001770
[2017.05.27-00.42.25:769][426]PIE: Info Play in editor start time for /Game/TwinStickCPP/Maps/UEDPIE_0_TwinStickExampleMap -0.419
[2017.05.27-00.42.25:769][426]LogBlueprintUserMessages: Late PlayInEditor Detection: Level '/Game/TwinStickCPP/Maps/TwinStickExampleMap.TwinStickExampleMap:PersistentLevel' has LevelScriptBlueprint '/Game/TwinStickCPP/Maps/TwinStickExampleMap.TwinStickExampleMap:PersistentLevel.TwinStickExampleMap' with GeneratedClass '/Game/TwinStickCPP/Maps/TwinStickExampleMap.TwinStickExampleMap_C' with ClassGeneratedBy '/Game/TwinStickCPP/Maps/TwinStickExampleMap.TwinStickExampleMap:PersistentLevel.TwinStickExampleMap'
[2017.05.27-00.43.12:888][ 71]LogBlueprintUserMessages: Early EndPlayMap Detection: Level '/Game/TwinStickCPP/Maps/TwinStickExampleMap.TwinStickExampleMap:PersistentLevel' has LevelScriptBlueprint '/Game/TwinStickCPP/Maps/TwinStickExampleMap.TwinStickExampleMap:PersistentLevel.TwinStickExampleMap' with GeneratedClass '/Game/TwinStickCPP/Maps/TwinStickExampleMap.TwinStickExampleMap_C' with ClassGeneratedBy '/Game/TwinStickCPP/Maps/TwinStickExampleMap.TwinStickExampleMap:PersistentLevel.TwinStickExampleMap'
[2017.05.27-00.43.12:969][ 71]LogBlueprintUserMessages: Late EndPlayMap Detection: Level '/Game/TwinStickCPP/Maps/TwinStickExampleMap.TwinStickExampleMap:PersistentLevel' has LevelScriptBlueprint '/Game/TwinStickCPP/Maps/TwinStickExampleMap.TwinStickExampleMap:PersistentLevel.TwinStickExampleMap' with GeneratedClass '/Game/TwinStickCPP/Maps/TwinStickExampleMap.TwinStickExampleMap_C' with ClassGeneratedBy '/Game/TwinStickCPP/Maps/TwinStickExampleMap.TwinStickExampleMap:PersistentLevel.TwinStickExampleMap'
